<?xml version="1.0" encoding="UTF-8"?>
<!-- Generated by org.testng.reporters.JUnitXMLReporter -->
<testsuite hostname="SYNPS4160161" ignored="0" name="Default test" tests="2" failures="0" timestamp="11 Feb 2019 15:53:48 GMT" time="18.583" errors="0">
  <testcase name="exceldataprint" time="0.0" classname="com.learning.maven.myatosSyntel.HomeTest">
    <skipped/>
  </testcase> <!-- exceldataprint -->
  <testcase name="verifynavigationTabHome" time="10.28" classname="com.learning.maven.myatosSyntel.HomeTest"/>
</testsuite> <!-- Default test -->
