<?xml version="1.0" encoding="UTF-8"?>
<!-- Generated by org.testng.reporters.JUnitXMLReporter -->
<testsuite hostname="SYNPS4160161" ignored="0" name="My Atos Syntel test" tests="3" failures="0" timestamp="05 Feb 2019 09:53:54 GMT" time="42.599" errors="0">
  <testcase name="verifynavigationTabHome" time="6.94" classname="com.learning.maven.myatosSyntel.HomeTest"/>
  <testcase name="Loginpagetitletest" time="0.011" classname="com.learning.maven.myatosSyntel.LoginTest"/>
  <testcase name="LogintoSyntel" time="0.305" classname="com.learning.maven.myatosSyntel.LoginTest"/>
</testsuite> <!-- My Atos Syntel test -->
