<?xml version="1.0" encoding="UTF-8"?>
<testng-results skipped="1" failed="0" ignored="0" total="2" passed="1">
  <reporter-output>
  </reporter-output>
  <suite name="Default suite" duration-ms="18583" started-at="2019-02-11T15:53:30Z" finished-at="2019-02-11T15:53:48Z">
    <groups>
    </groups>
    <test name="Default test" duration-ms="18583" started-at="2019-02-11T15:53:30Z" finished-at="2019-02-11T15:53:48Z">
      <class name="com.learning.maven.myatosSyntel.HomeTest">
        <test-method status="SKIP" signature="exceldataprint(java.lang.String, java.lang.String, java.lang.String)[pri:1, instance:com.learning.maven.myatosSyntel.HomeTest@7a9273a8]" name="exceldataprint" duration-ms="0" started-at="2019-02-11T15:53:30Z" data-provider="getmyAtosdata" finished-at="2019-02-11T15:53:30Z">
          <exception class="java.lang.RuntimeException">
            <message>
              <![CDATA[java.lang.NullPointerException]]>
            </message>
            <full-stacktrace>
              <![CDATA[java.lang.RuntimeException: java.lang.NullPointerException
at org.testng.internal.MethodInvocationHelper.invokeMethodNoCheckedException(MethodInvocationHelper.java:49)
at org.testng.internal.MethodInvocationHelper.invokeDataProvider(MethodInvocationHelper.java:131)
at org.testng.internal.Parameters.handleParameters(Parameters.java:706)
at org.testng.internal.ParameterHandler.handleParameters(ParameterHandler.java:49)
at org.testng.internal.ParameterHandler.createParameters(ParameterHandler.java:37)
at org.testng.internal.Invoker.invokeTestMethods(Invoker.java:923)
at org.testng.internal.TestMethodWorker.invokeTestMethods(TestMethodWorker.java:125)
at org.testng.internal.TestMethodWorker.run(TestMethodWorker.java:109)
at org.testng.TestRunner.privateRun(TestRunner.java:648)
at org.testng.TestRunner.run(TestRunner.java:505)
at org.testng.SuiteRunner.runTest(SuiteRunner.java:455)
at org.testng.SuiteRunner.runSequentially(SuiteRunner.java:450)
at org.testng.SuiteRunner.privateRun(SuiteRunner.java:415)
at org.testng.SuiteRunner.run(SuiteRunner.java:364)
at org.testng.SuiteRunnerWorker.runSuite(SuiteRunnerWorker.java:52)
at org.testng.SuiteRunnerWorker.run(SuiteRunnerWorker.java:84)
at org.testng.TestNG.runSuitesSequentially(TestNG.java:1208)
at org.testng.TestNG.runSuitesLocally(TestNG.java:1137)
at org.testng.TestNG.runSuites(TestNG.java:1049)
at org.testng.TestNG.run(TestNG.java:1017)
at org.testng.remote.AbstractRemoteTestNG.run(AbstractRemoteTestNG.java:114)
at org.testng.remote.RemoteTestNG.initAndRun(RemoteTestNG.java:251)
at org.testng.remote.RemoteTestNG.main(RemoteTestNG.java:77)
Caused by: java.lang.NullPointerException
at com.learning.util.TestUtil.getTestdata(TestUtil.java:43)
at com.learning.maven.myatosSyntel.HomeTest.getmyAtosdata(HomeTest.java:33)
at sun.reflect.NativeMethodAccessorImpl.invoke0(Native Method)
at sun.reflect.NativeMethodAccessorImpl.invoke(Unknown Source)
at sun.reflect.DelegatingMethodAccessorImpl.invoke(Unknown Source)
at java.lang.reflect.Method.invoke(Unknown Source)
at org.testng.internal.MethodInvocationHelper.invokeMethod(MethodInvocationHelper.java:124)
at org.testng.internal.MethodInvocationHelper.invokeMethod(MethodInvocationHelper.java:74)
at org.testng.internal.MethodInvocationHelper.invokeMethodNoCheckedException(MethodInvocationHelper.java:45)
... 22 more
]]>
            </full-stacktrace>
          </exception> <!-- java.lang.RuntimeException -->
          <reporter-output>
          </reporter-output>
        </test-method> <!-- exceldataprint -->
        <test-method status="PASS" signature="setup()[pri:0, instance:com.learning.maven.myatosSyntel.HomeTest@7a9273a8]" name="setup" is-config="true" duration-ms="6751" started-at="2019-02-11T15:53:30Z" finished-at="2019-02-11T15:53:37Z">
          <reporter-output>
          </reporter-output>
        </test-method> <!-- setup -->
        <test-method status="PASS" signature="verifynavigationTabHome()[pri:2, instance:com.learning.maven.myatosSyntel.HomeTest@7a9273a8]" name="verifynavigationTabHome" duration-ms="10280" started-at="2019-02-11T15:53:37Z" finished-at="2019-02-11T15:53:47Z">
          <reporter-output>
          </reporter-output>
        </test-method> <!-- verifynavigationTabHome -->
        <test-method status="PASS" signature="tearDown()[pri:0, instance:com.learning.maven.myatosSyntel.HomeTest@7a9273a8]" name="tearDown" is-config="true" duration-ms="1504" started-at="2019-02-11T15:53:47Z" finished-at="2019-02-11T15:53:48Z">
          <reporter-output>
          </reporter-output>
        </test-method> <!-- tearDown -->
      </class> <!-- com.learning.maven.myatosSyntel.HomeTest -->
    </test> <!-- Default test -->
  </suite> <!-- Default suite -->
</testng-results>
